

Microchip MPLAB XC8 Assembler V2.40 build 20220703182018 
                                                                                               Sat Feb 04 17:53:59 2023

Microchip MPLAB XC8 C Compiler v2.40 (Free license) build 20220703182018 Og1 
     1                           	processor	16F1827
     2                           	pagewidth 120
     3                           	opt	flic
     4                           	psect	idataBANK0,global,class=CODE,delta=2,noexec
     5                           	psect	cinit,global,class=CODE,merge=1,delta=2
     6                           	psect	bssCOMMON,global,class=COMMON,space=1,delta=1,noexec
     7                           	psect	bssBANK0,global,class=BANK0,space=1,delta=1,noexec
     8                           	psect	dataBANK0,global,class=BANK0,space=1,delta=1,noexec
     9                           	psect	inittext,global,class=CODE,delta=2
    10                           	psect	clrtext,global,class=CODE,delta=2
    11                           	psect	cstackCOMMON,global,class=COMMON,space=1,delta=1,noexec
    12                           	psect	maintext,global,class=CODE,merge=1,split=1,delta=2
    13                           	psect	text1,local,class=CODE,merge=1,delta=2
    14                           	psect	text2,local,class=CODE,merge=1,delta=2
    15                           	psect	text3,local,class=CODE,merge=1,delta=2
    16                           	psect	intentry,global,class=CODE,delta=2
    17                           	psect	text5,local,class=CODE,merge=1,delta=2
    18                           	psect	idloc,global,abs,ovrld,class=IDLOC,space=5,delta=2,noexec
    19                           	psect	config,global,abs,ovrld,class=CONFIG,space=4,delta=2,noexec
    20                           	dabs	1,0x7E,2
    21     0000                     
    22                           ; Version 2.40
    23                           ; Generated 17/11/2021 GMT
    24                           ; 
    25                           ; Copyright © 2021, Microchip Technology Inc. and its subsidiaries ("Microchip")
    26                           ; All rights reserved.
    27                           ; 
    28                           ; This software is developed by Microchip Technology Inc. and its subsidiaries ("Microch
      +                          ip").
    29                           ; 
    30                           ; Redistribution and use in source and binary forms, with or without modification, are
    31                           ; permitted provided that the following conditions are met:
    32                           ; 
    33                           ;     1. Redistributions of source code must retain the above copyright notice, this lis
      +                          t of
    34                           ;        conditions and the following disclaimer.
    35                           ; 
    36                           ;     2. Redistributions in binary form must reproduce the above copyright notice, this 
      +                          list
    37                           ;        of conditions and the following disclaimer in the documentation and/or other
    38                           ;        materials provided with the distribution. Publication is not required when
    39                           ;        this file is used in an embedded application.
    40                           ; 
    41                           ;     3. Microchip's name may not be used to endorse or promote products derived from th
      +                          is
    42                           ;        software without specific prior written permission.
    43                           ; 
    44                           ; THIS SOFTWARE IS PROVIDED BY MICROCHIP "AS IS" AND ANY EXPRESS OR IMPLIED WARRANTIES,
    45                           ; INCLUDING, BUT NOT LIMITED TO, THE IMPLIED WARRANTIES OF MERCHANTABILITY AND FITNESS F
      +                          OR
    46                           ; PURPOSE ARE DISCLAIMED.  IN NO EVENT SHALL MICROCHIP BE LIABLE FOR ANY DIRECT, INDIREC
      +                          T,
    47                           ; INCIDENTAL, SPECIAL, EXEMPLARY, OR CONSEQUENTIAL DAMAGES (INCLUDING BUT NOT LIMITED TO
    48                           ; PROCUREMENT OF SUBSTITUTE GOODS OR SERVICES; LOSS OF USE, DATA OR PROFITS; OR BUSINESS
    49                           ; INTERRUPTION) HOWSOEVER CAUSED AND ON ANY THEORY OF LIABILITY, WHETHER IN CONTRACT, ST
      +                          RICT
    50                           ; LIABILITY, OR TORT (INCLUDING NEGLIGENCE OR OTHERWISE) ARISING IN ANY WAY OUT OF THE U
      +                          SE OF
    51                           ; THIS SOFTWARE, EVEN IF ADVISED OF THE POSSIBILITY OF SUCH DAMAGE.
    52                           ; 
    53                           ; 
    54                           ; Code-generator required, PIC16F1827 Definitions
    55                           ; 
    56                           ; SFR Addresses
    57     0000                     	;# 
    58     0001                     	;# 
    59     0002                     	;# 
    60     0003                     	;# 
    61     0004                     	;# 
    62     0005                     	;# 
    63     0006                     	;# 
    64     0007                     	;# 
    65     0008                     	;# 
    66     0009                     	;# 
    67     000A                     	;# 
    68     000B                     	;# 
    69     000C                     	;# 
    70     000D                     	;# 
    71     0011                     	;# 
    72     0012                     	;# 
    73     0013                     	;# 
    74     0014                     	;# 
    75     0015                     	;# 
    76     0016                     	;# 
    77     0016                     	;# 
    78     0017                     	;# 
    79     0018                     	;# 
    80     0019                     	;# 
    81     001A                     	;# 
    82     001B                     	;# 
    83     001C                     	;# 
    84     001E                     	;# 
    85     001F                     	;# 
    86     008C                     	;# 
    87     008D                     	;# 
    88     0091                     	;# 
    89     0092                     	;# 
    90     0093                     	;# 
    91     0094                     	;# 
    92     0095                     	;# 
    93     0096                     	;# 
    94     0097                     	;# 
    95     0098                     	;# 
    96     0099                     	;# 
    97     009A                     	;# 
    98     009B                     	;# 
    99     009B                     	;# 
   100     009C                     	;# 
   101     009D                     	;# 
   102     009E                     	;# 
   103     010C                     	;# 
   104     010D                     	;# 
   105     0111                     	;# 
   106     0112                     	;# 
   107     0113                     	;# 
   108     0114                     	;# 
   109     0115                     	;# 
   110     0116                     	;# 
   111     0117                     	;# 
   112     0118                     	;# 
   113     0119                     	;# 
   114     011A                     	;# 
   115     011B                     	;# 
   116     011D                     	;# 
   117     011E                     	;# 
   118     018C                     	;# 
   119     018D                     	;# 
   120     0191                     	;# 
   121     0191                     	;# 
   122     0192                     	;# 
   123     0193                     	;# 
   124     0193                     	;# 
   125     0193                     	;# 
   126     0194                     	;# 
   127     0195                     	;# 
   128     0196                     	;# 
   129     0199                     	;# 
   130     019A                     	;# 
   131     019B                     	;# 
   132     019B                     	;# 
   133     019B                     	;# 
   134     019B                     	;# 
   135     019C                     	;# 
   136     019C                     	;# 
   137     019D                     	;# 
   138     019E                     	;# 
   139     019F                     	;# 
   140     020C                     	;# 
   141     020D                     	;# 
   142     0211                     	;# 
   143     0211                     	;# 
   144     0212                     	;# 
   145     0212                     	;# 
   146     0213                     	;# 
   147     0213                     	;# 
   148     0214                     	;# 
   149     0214                     	;# 
   150     0215                     	;# 
   151     0215                     	;# 
   152     0215                     	;# 
   153     0216                     	;# 
   154     0216                     	;# 
   155     0217                     	;# 
   156     0217                     	;# 
   157     0219                     	;# 
   158     021A                     	;# 
   159     021B                     	;# 
   160     021C                     	;# 
   161     021D                     	;# 
   162     021E                     	;# 
   163     021F                     	;# 
   164     0291                     	;# 
   165     0291                     	;# 
   166     0292                     	;# 
   167     0293                     	;# 
   168     0294                     	;# 
   169     0295                     	;# 
   170     0295                     	;# 
   171     0296                     	;# 
   172     0298                     	;# 
   173     0298                     	;# 
   174     0299                     	;# 
   175     029A                     	;# 
   176     029B                     	;# 
   177     029C                     	;# 
   178     029C                     	;# 
   179     029D                     	;# 
   180     029E                     	;# 
   181     029E                     	;# 
   182     0311                     	;# 
   183     0311                     	;# 
   184     0312                     	;# 
   185     0313                     	;# 
   186     0318                     	;# 
   187     0318                     	;# 
   188     0319                     	;# 
   189     031A                     	;# 
   190     0394                     	;# 
   191     0395                     	;# 
   192     0396                     	;# 
   193     039A                     	;# 
   194     039C                     	;# 
   195     039D                     	;# 
   196     039E                     	;# 
   197     039F                     	;# 
   198     0415                     	;# 
   199     0416                     	;# 
   200     0417                     	;# 
   201     041C                     	;# 
   202     041D                     	;# 
   203     041E                     	;# 
   204     0FE4                     	;# 
   205     0FE5                     	;# 
   206     0FE6                     	;# 
   207     0FE7                     	;# 
   208     0FE8                     	;# 
   209     0FE9                     	;# 
   210     0FEA                     	;# 
   211     0FEB                     	;# 
   212     0FED                     	;# 
   213     0FEE                     	;# 
   214     0FEF                     	;# 
   215     0000                     	;# 
   216     0001                     	;# 
   217     0002                     	;# 
   218     0003                     	;# 
   219     0004                     	;# 
   220     0005                     	;# 
   221     0006                     	;# 
   222     0007                     	;# 
   223     0008                     	;# 
   224     0009                     	;# 
   225     000A                     	;# 
   226     000B                     	;# 
   227     000C                     	;# 
   228     000D                     	;# 
   229     0011                     	;# 
   230     0012                     	;# 
   231     0013                     	;# 
   232     0014                     	;# 
   233     0015                     	;# 
   234     0016                     	;# 
   235     0016                     	;# 
   236     0017                     	;# 
   237     0018                     	;# 
   238     0019                     	;# 
   239     001A                     	;# 
   240     001B                     	;# 
   241     001C                     	;# 
   242     001E                     	;# 
   243     001F                     	;# 
   244     008C                     	;# 
   245     008D                     	;# 
   246     0091                     	;# 
   247     0092                     	;# 
   248     0093                     	;# 
   249     0094                     	;# 
   250     0095                     	;# 
   251     0096                     	;# 
   252     0097                     	;# 
   253     0098                     	;# 
   254     0099                     	;# 
   255     009A                     	;# 
   256     009B                     	;# 
   257     009B                     	;# 
   258     009C                     	;# 
   259     009D                     	;# 
   260     009E                     	;# 
   261     010C                     	;# 
   262     010D                     	;# 
   263     0111                     	;# 
   264     0112                     	;# 
   265     0113                     	;# 
   266     0114                     	;# 
   267     0115                     	;# 
   268     0116                     	;# 
   269     0117                     	;# 
   270     0118                     	;# 
   271     0119                     	;# 
   272     011A                     	;# 
   273     011B                     	;# 
   274     011D                     	;# 
   275     011E                     	;# 
   276     018C                     	;# 
   277     018D                     	;# 
   278     0191                     	;# 
   279     0191                     	;# 
   280     0192                     	;# 
   281     0193                     	;# 
   282     0193                     	;# 
   283     0193                     	;# 
   284     0194                     	;# 
   285     0195                     	;# 
   286     0196                     	;# 
   287     0199                     	;# 
   288     019A                     	;# 
   289     019B                     	;# 
   290     019B                     	;# 
   291     019B                     	;# 
   292     019B                     	;# 
   293     019C                     	;# 
   294     019C                     	;# 
   295     019D                     	;# 
   296     019E                     	;# 
   297     019F                     	;# 
   298     020C                     	;# 
   299     020D                     	;# 
   300     0211                     	;# 
   301     0211                     	;# 
   302     0212                     	;# 
   303     0212                     	;# 
   304     0213                     	;# 
   305     0213                     	;# 
   306     0214                     	;# 
   307     0214                     	;# 
   308     0215                     	;# 
   309     0215                     	;# 
   310     0215                     	;# 
   311     0216                     	;# 
   312     0216                     	;# 
   313     0217                     	;# 
   314     0217                     	;# 
   315     0219                     	;# 
   316     021A                     	;# 
   317     021B                     	;# 
   318     021C                     	;# 
   319     021D                     	;# 
   320     021E                     	;# 
   321     021F                     	;# 
   322     0291                     	;# 
   323     0291                     	;# 
   324     0292                     	;# 
   325     0293                     	;# 
   326     0294                     	;# 
   327     0295                     	;# 
   328     0295                     	;# 
   329     0296                     	;# 
   330     0298                     	;# 
   331     0298                     	;# 
   332     0299                     	;# 
   333     029A                     	;# 
   334     029B                     	;# 
   335     029C                     	;# 
   336     029C                     	;# 
   337     029D                     	;# 
   338     029E                     	;# 
   339     029E                     	;# 
   340     0311                     	;# 
   341     0311                     	;# 
   342     0312                     	;# 
   343     0313                     	;# 
   344     0318                     	;# 
   345     0318                     	;# 
   346     0319                     	;# 
   347     031A                     	;# 
   348     0394                     	;# 
   349     0395                     	;# 
   350     0396                     	;# 
   351     039A                     	;# 
   352     039C                     	;# 
   353     039D                     	;# 
   354     039E                     	;# 
   355     039F                     	;# 
   356     0415                     	;# 
   357     0416                     	;# 
   358     0417                     	;# 
   359     041C                     	;# 
   360     041D                     	;# 
   361     041E                     	;# 
   362     0FE4                     	;# 
   363     0FE5                     	;# 
   364     0FE6                     	;# 
   365     0FE7                     	;# 
   366     0FE8                     	;# 
   367     0FE9                     	;# 
   368     0FEA                     	;# 
   369     0FEB                     	;# 
   370     0FED                     	;# 
   371     0FEE                     	;# 
   372     0FEF                     	;# 
   373     0000                     	;# 
   374     0001                     	;# 
   375     0002                     	;# 
   376     0003                     	;# 
   377     0004                     	;# 
   378     0005                     	;# 
   379     0006                     	;# 
   380     0007                     	;# 
   381     0008                     	;# 
   382     0009                     	;# 
   383     000A                     	;# 
   384     000B                     	;# 
   385     000C                     	;# 
   386     000D                     	;# 
   387     0011                     	;# 
   388     0012                     	;# 
   389     0013                     	;# 
   390     0014                     	;# 
   391     0015                     	;# 
   392     0016                     	;# 
   393     0016                     	;# 
   394     0017                     	;# 
   395     0018                     	;# 
   396     0019                     	;# 
   397     001A                     	;# 
   398     001B                     	;# 
   399     001C                     	;# 
   400     001E                     	;# 
   401     001F                     	;# 
   402     008C                     	;# 
   403     008D                     	;# 
   404     0091                     	;# 
   405     0092                     	;# 
   406     0093                     	;# 
   407     0094                     	;# 
   408     0095                     	;# 
   409     0096                     	;# 
   410     0097                     	;# 
   411     0098                     	;# 
   412     0099                     	;# 
   413     009A                     	;# 
   414     009B                     	;# 
   415     009B                     	;# 
   416     009C                     	;# 
   417     009D                     	;# 
   418     009E                     	;# 
   419     010C                     	;# 
   420     010D                     	;# 
   421     0111                     	;# 
   422     0112                     	;# 
   423     0113                     	;# 
   424     0114                     	;# 
   425     0115                     	;# 
   426     0116                     	;# 
   427     0117                     	;# 
   428     0118                     	;# 
   429     0119                     	;# 
   430     011A                     	;# 
   431     011B                     	;# 
   432     011D                     	;# 
   433     011E                     	;# 
   434     018C                     	;# 
   435     018D                     	;# 
   436     0191                     	;# 
   437     0191                     	;# 
   438     0192                     	;# 
   439     0193                     	;# 
   440     0193                     	;# 
   441     0193                     	;# 
   442     0194                     	;# 
   443     0195                     	;# 
   444     0196                     	;# 
   445     0199                     	;# 
   446     019A                     	;# 
   447     019B                     	;# 
   448     019B                     	;# 
   449     019B                     	;# 
   450     019B                     	;# 
   451     019C                     	;# 
   452     019C                     	;# 
   453     019D                     	;# 
   454     019E                     	;# 
   455     019F                     	;# 
   456     020C                     	;# 
   457     020D                     	;# 
   458     0211                     	;# 
   459     0211                     	;# 
   460     0212                     	;# 
   461     0212                     	;# 
   462     0213                     	;# 
   463     0213                     	;# 
   464     0214                     	;# 
   465     0214                     	;# 
   466     0215                     	;# 
   467     0215                     	;# 
   468     0215                     	;# 
   469     0216                     	;# 
   470     0216                     	;# 
   471     0217                     	;# 
   472     0217                     	;# 
   473     0219                     	;# 
   474     021A                     	;# 
   475     021B                     	;# 
   476     021C                     	;# 
   477     021D                     	;# 
   478     021E                     	;# 
   479     021F                     	;# 
   480     0291                     	;# 
   481     0291                     	;# 
   482     0292                     	;# 
   483     0293                     	;# 
   484     0294                     	;# 
   485     0295                     	;# 
   486     0295                     	;# 
   487     0296                     	;# 
   488     0298                     	;# 
   489     0298                     	;# 
   490     0299                     	;# 
   491     029A                     	;# 
   492     029B                     	;# 
   493     029C                     	;# 
   494     029C                     	;# 
   495     029D                     	;# 
   496     029E                     	;# 
   497     029E                     	;# 
   498     0311                     	;# 
   499     0311                     	;# 
   500     0312                     	;# 
   501     0313                     	;# 
   502     0318                     	;# 
   503     0318                     	;# 
   504     0319                     	;# 
   505     031A                     	;# 
   506     0394                     	;# 
   507     0395                     	;# 
   508     0396                     	;# 
   509     039A                     	;# 
   510     039C                     	;# 
   511     039D                     	;# 
   512     039E                     	;# 
   513     039F                     	;# 
   514     0415                     	;# 
   515     0416                     	;# 
   516     0417                     	;# 
   517     041C                     	;# 
   518     041D                     	;# 
   519     041E                     	;# 
   520     0FE4                     	;# 
   521     0FE5                     	;# 
   522     0FE6                     	;# 
   523     0FE7                     	;# 
   524     0FE8                     	;# 
   525     0FE9                     	;# 
   526     0FEA                     	;# 
   527     0FEB                     	;# 
   528     0FED                     	;# 
   529     0FEE                     	;# 
   530     0FEF                     	;# 
   531     0000                     	;# 
   532     0001                     	;# 
   533     0002                     	;# 
   534     0003                     	;# 
   535     0004                     	;# 
   536     0005                     	;# 
   537     0006                     	;# 
   538     0007                     	;# 
   539     0008                     	;# 
   540     0009                     	;# 
   541     000A                     	;# 
   542     000B                     	;# 
   543     000C                     	;# 
   544     000D                     	;# 
   545     0011                     	;# 
   546     0012                     	;# 
   547     0013                     	;# 
   548     0014                     	;# 
   549     0015                     	;# 
   550     0016                     	;# 
   551     0016                     	;# 
   552     0017                     	;# 
   553     0018                     	;# 
   554     0019                     	;# 
   555     001A                     	;# 
   556     001B                     	;# 
   557     001C                     	;# 
   558     001E                     	;# 
   559     001F                     	;# 
   560     008C                     	;# 
   561     008D                     	;# 
   562     0091                     	;# 
   563     0092                     	;# 
   564     0093                     	;# 
   565     0094                     	;# 
   566     0095                     	;# 
   567     0096                     	;# 
   568     0097                     	;# 
   569     0098                     	;# 
   570     0099                     	;# 
   571     009A                     	;# 
   572     009B                     	;# 
   573     009B                     	;# 
   574     009C                     	;# 
   575     009D                     	;# 
   576     009E                     	;# 
   577     010C                     	;# 
   578     010D                     	;# 
   579     0111                     	;# 
   580     0112                     	;# 
   581     0113                     	;# 
   582     0114                     	;# 
   583     0115                     	;# 
   584     0116                     	;# 
   585     0117                     	;# 
   586     0118                     	;# 
   587     0119                     	;# 
   588     011A                     	;# 
   589     011B                     	;# 
   590     011D                     	;# 
   591     011E                     	;# 
   592     018C                     	;# 
   593     018D                     	;# 
   594     0191                     	;# 
   595     0191                     	;# 
   596     0192                     	;# 
   597     0193                     	;# 
   598     0193                     	;# 
   599     0193                     	;# 
   600     0194                     	;# 
   601     0195                     	;# 
   602     0196                     	;# 
   603     0199                     	;# 
   604     019A                     	;# 
   605     019B                     	;# 
   606     019B                     	;# 
   607     019B                     	;# 
   608     019B                     	;# 
   609     019C                     	;# 
   610     019C                     	;# 
   611     019D                     	;# 
   612     019E                     	;# 
   613     019F                     	;# 
   614     020C                     	;# 
   615     020D                     	;# 
   616     0211                     	;# 
   617     0211                     	;# 
   618     0212                     	;# 
   619     0212                     	;# 
   620     0213                     	;# 
   621     0213                     	;# 
   622     0214                     	;# 
   623     0214                     	;# 
   624     0215                     	;# 
   625     0215                     	;# 
   626     0215                     	;# 
   627     0216                     	;# 
   628     0216                     	;# 
   629     0217                     	;# 
   630     0217                     	;# 
   631     0219                     	;# 
   632     021A                     	;# 
   633     021B                     	;# 
   634     021C                     	;# 
   635     021D                     	;# 
   636     021E                     	;# 
   637     021F                     	;# 
   638     0291                     	;# 
   639     0291                     	;# 
   640     0292                     	;# 
   641     0293                     	;# 
   642     0294                     	;# 
   643     0295                     	;# 
   644     0295                     	;# 
   645     0296                     	;# 
   646     0298                     	;# 
   647     0298                     	;# 
   648     0299                     	;# 
   649     029A                     	;# 
   650     029B                     	;# 
   651     029C                     	;# 
   652     029C                     	;# 
   653     029D                     	;# 
   654     029E                     	;# 
   655     029E                     	;# 
   656     0311                     	;# 
   657     0311                     	;# 
   658     0312                     	;# 
   659     0313                     	;# 
   660     0318                     	;# 
   661     0318                     	;# 
   662     0319                     	;# 
   663     031A                     	;# 
   664     0394                     	;# 
   665     0395                     	;# 
   666     0396                     	;# 
   667     039A                     	;# 
   668     039C                     	;# 
   669     039D                     	;# 
   670     039E                     	;# 
   671     039F                     	;# 
   672     0415                     	;# 
   673     0416                     	;# 
   674     0417                     	;# 
   675     041C                     	;# 
   676     041D                     	;# 
   677     041E                     	;# 
   678     0FE4                     	;# 
   679     0FE5                     	;# 
   680     0FE6                     	;# 
   681     0FE7                     	;# 
   682     0FE8                     	;# 
   683     0FE9                     	;# 
   684     0FEA                     	;# 
   685     0FEB                     	;# 
   686     0FED                     	;# 
   687     0FEE                     	;# 
   688     0FEF                     	;# 
   689                           
   690                           	psect	idataBANK0
   691     00A8                     __pidataBANK0:
   692                           
   693                           ;initializer for seg7@F2502
   694     00A8  347E               	retlw	126
   695     00A9  3400               	retlw	0
   696     00AA  3430               	retlw	48
   697     00AB  3400               	retlw	0
   698     00AC  346D               	retlw	109
   699     00AD  3400               	retlw	0
   700     00AE  3479               	retlw	121
   701     00AF  3400               	retlw	0
   702     00B0  3433               	retlw	51
   703     00B1  3400               	retlw	0
   704     00B2  345B               	retlw	91
   705     00B3  3400               	retlw	0
   706     00B4  345F               	retlw	95
   707     00B5  3400               	retlw	0
   708     00B6  3470               	retlw	112
   709     00B7  3400               	retlw	0
   710     00B8  347F               	retlw	127
   711     00B9  3400               	retlw	0
   712     00BA  347B               	retlw	123
   713     00BB  3400               	retlw	0
   714     0011                     _PIR1bits	set	17
   715     0015                     _TMR0	set	21
   716     000B                     _INTCONbits	set	11
   717     0095                     _OPTION_REGbits	set	149
   718     0091                     _PIE1bits	set	145
   719     008D                     _TRISBbits	set	141
   720     008C                     _TRISAbits	set	140
   721     0099                     _OSCCONbits	set	153
   722     009E                     _ADCON1bits	set	158
   723     009D                     _ADCON0bits	set	157
   724     011E                     _APFCON1bits	set	286
   725     0117                     _FVRCONbits	set	279
   726     010D                     _LATBbits	set	269
   727     010C                     _LATAbits	set	268
   728     019D                     _RCSTAbits	set	413
   729     019B                     _SPBRG	set	411
   730     019F                     _BAUDCONbits	set	415
   731     018D                     _ANSELBbits	set	397
   732     018C                     _ANSELAbits	set	396
   733     019E                     _TXSTAbits	set	414
   734     019A                     _TXREG	set	410
   735                           
   736                           	psect	cinit
   737     0044                     start_initialization:	
   738                           ; #config settings
   739                           
   740     0044                     __initialization:
   741                           
   742                           ; Initialize objects allocated to BANK0
   743     0044  30A8               	movlw	low __pidataBANK0
   744     0045  0084               	movwf	4
   745     0046  3080               	movlw	(high __pidataBANK0)| (0+128)
   746     0047  0085               	movwf	5
   747     0048  3020               	movlw	low __pdataBANK0
   748     0049  0086               	movwf	6
   749     004A  3000               	movlw	high __pdataBANK0
   750     004B  0087               	movwf	7
   751     004C  3014               	movlw	20
   752     004D  3180  20E1  3180   	fcall	init_ram
   753                           
   754                           ; Clear objects allocated to COMMON
   755     0050  3070               	movlw	low __pbssCOMMON
   756     0051  0084               	movwf	4
   757     0052  3000               	movlw	high __pbssCOMMON
   758     0053  0085               	movwf	5
   759     0054  3009               	movlw	9
   760     0055  3180  20E7  3180   	fcall	clear_ram0
   761                           
   762                           ; Clear objects allocated to BANK0
   763     0058  3034               	movlw	low __pbssBANK0
   764     0059  0084               	movwf	4
   765     005A  3000               	movlw	high __pbssBANK0
   766     005B  0085               	movwf	5
   767     005C  300C               	movlw	12
   768     005D  3180  20E7  3180   	fcall	clear_ram0
   769     0060                     end_of_initialization:	
   770                           ;End of C runtime variable initialization code
   771                           
   772     0060                     __end_of__initialization:
   773     0060  107E               	bcf	int$flags,0	;clear compiler interrupt flag (level 1)
   774     0061  0020               	movlb	0
   775     0062  3180  28ED         	ljmp	_main	;jump to C main() function
   776                           
   777                           	psect	bssCOMMON
   778     0070                     __pbssCOMMON:
   779     0070                     INT_TMR0@count:
   780     0070                     	ds	2
   781     0072                     ASCII_Con@r:
   782     0072                     	ds	7
   783                           
   784                           	psect	bssBANK0
   785     0034                     __pbssBANK0:
   786     0034                     seg7@r:
   787     0034                     	ds	6
   788     003A                     BinTOBcd@r:
   789     003A                     	ds	6
   790                           
   791                           	psect	dataBANK0
   792     0020                     __pdataBANK0:
   793     0020                     seg7@F2502:
   794     0020                     	ds	20
   795                           
   796                           	psect	inittext
   797     00E1                     init_ram:
   798     00E1  00FE               	movwf	btemp
   799     00E2                     initloop:
   800     00E2  0012               	moviw fsr0++
   801     00E3  001E               	movwi fsr1++
   802     00E4  0BFE               	decfsz	btemp,f
   803     00E5  28E2               	goto	initloop
   804     00E6  3400               	retlw	0
   805                           
   806                           	psect	clrtext
   807     00E7                     clear_ram0:	
   808                           ;	Called with FSR0 containing the base address, and
   809                           ;	WREG with the size to clear
   810                           
   811     00E7  0064               	clrwdt	;clear the watchdog before getting into this loop
   812     00E8                     clrloop0:
   813     00E8  0180               	clrf	0	;clear RAM location pointed to by FSR
   814     00E9  3101               	addfsr 0,1
   815     00EA  0B89               	decfsz	9,f	;Have we reached the end of clearing yet?
   816     00EB  28E8               	goto	clrloop0	;have we reached the end yet?
   817     00EC  3400               	retlw	0	;all done for this memory range, return
   818                           
   819                           	psect	cstackCOMMON
   820     0000                     __pcstackCOMMON:
   821     0000                     ?_init_IO:
   822     0000                     ??_init_IO:	
   823                           ; 1 bytes @ 0x0
   824                           
   825     0000                     ?_readADC:	
   826                           ; 1 bytes @ 0x0
   827                           
   828     0000                     ??_readADC:	
   829                           ; 1 bytes @ 0x0
   830                           
   831     0000                     ?_init_UART:	
   832                           ; 1 bytes @ 0x0
   833                           
   834     0000                     ??_init_UART:	
   835                           ; 1 bytes @ 0x0
   836                           
   837     0000                     ?_TMR0_INIT:	
   838                           ; 1 bytes @ 0x0
   839                           
   840     0000                     ??_TMR0_INIT:	
   841                           ; 1 bytes @ 0x0
   842                           
   843     0000                     ?_main:	
   844                           ; 1 bytes @ 0x0
   845                           
   846     0000                     ??_main:	
   847                           ; 1 bytes @ 0x0
   848                           
   849     0000                     ?_INT_TMR0:	
   850                           ; 1 bytes @ 0x0
   851                           
   852     0000                     ??_INT_TMR0:	
   853                           ; 1 bytes @ 0x0
   854                           
   855                           
   856                           	psect	maintext
   857     00ED                     __pmaintext:	
   858                           ; 1 bytes @ 0x0
   859 ;;
   860 ;;Main: autosize = 0, tempsize = 0, incstack = 0, save=0
   861 ;;
   862 ;; *************** function _main *****************
   863 ;; Defined at:
   864 ;;		line 16 in file "newmain.c"
   865 ;; Parameters:    Size  Location     Type
   866 ;;		None
   867 ;; Auto vars:     Size  Location     Type
   868 ;;		None
   869 ;; Return value:  Size  Location     Type
   870 ;;                  1    wreg      void 
   871 ;; Registers used:
   872 ;;		wreg, status,2, status,0, pclath, cstack
   873 ;; Tracked objects:
   874 ;;		On entry : B1F/0
   875 ;;		On exit  : 0/0
   876 ;;		Unchanged: 0/0
   877 ;; Data sizes:     COMMON   BANK0   BANK1   BANK2   BANK3   BANK4
   878 ;;      Params:         0       0       0       0       0       0
   879 ;;      Locals:         0       0       0       0       0       0
   880 ;;      Temps:          0       0       0       0       0       0
   881 ;;      Totals:         0       0       0       0       0       0
   882 ;;Total ram usage:        0 bytes
   883 ;; Hardware stack levels required when called: 4
   884 ;; This function calls:
   885 ;;		_init_IO
   886 ;; This function is called by:
   887 ;;		Startup code after reset
   888 ;; This function uses a non-reentrant model
   889 ;;
   890                           
   891     00ED                     _main:	
   892                           ;psect for function _main
   893                           
   894     00ED                     l871:	
   895                           ;incstack = 0
   896                           ; Regs used in _main: [wreg+status,2+status,0+pclath+cstack]
   897                           
   898                           
   899                           ;newmain.c: 17:     init_IO();
   900     00ED  3180  2064  3180   	fcall	_init_IO
   901     00F0                     l19:	
   902                           ;newmain.c: 20:     while(1)
   903                           
   904     00F0                     l20:	
   905                           ;newmain.c: 21:     {;newmain.c: 24:     }
   906                           
   907     00F0  28F0               	goto	l19
   908     00F1  3180  2842         	ljmp	start
   909     00F3                     __end_of_main:
   910                           
   911                           	psect	text1
   912     0064                     __ptext1:	
   913 ;; *************** function _init_IO *****************
   914 ;; Defined at:
   915 ;;		line 4 in file "init_IO.c"
   916 ;; Parameters:    Size  Location     Type
   917 ;;		None
   918 ;; Auto vars:     Size  Location     Type
   919 ;;		None
   920 ;; Return value:  Size  Location     Type
   921 ;;                  1    wreg      void 
   922 ;; Registers used:
   923 ;;		wreg, status,2, status,0, pclath, cstack
   924 ;; Tracked objects:
   925 ;;		On entry : 0/0
   926 ;;		On exit  : 0/0
   927 ;;		Unchanged: 0/0
   928 ;; Data sizes:     COMMON   BANK0   BANK1   BANK2   BANK3   BANK4
   929 ;;      Params:         0       0       0       0       0       0
   930 ;;      Locals:         0       0       0       0       0       0
   931 ;;      Temps:          0       0       0       0       0       0
   932 ;;      Totals:         0       0       0       0       0       0
   933 ;;Total ram usage:        0 bytes
   934 ;; Hardware stack levels used: 1
   935 ;; Hardware stack levels required when called: 3
   936 ;; This function calls:
   937 ;;		_TMR0_INIT
   938 ;;		_init_UART
   939 ;; This function is called by:
   940 ;;		_main
   941 ;; This function uses a non-reentrant model
   942 ;;
   943                           
   944     0064                     _init_IO:	
   945                           ;psect for function _init_IO
   946                           
   947     0064                     l767:	
   948                           ;incstack = 0
   949                           ; Regs used in _init_IO: [wreg+status,2+status,0+pclath+cstack]
   950                           
   951                           
   952                           ;init_IO.c: 7:     OSCCONbits.SCS = 0;
   953     0064  30FC               	movlw	-4
   954     0065  0021               	movlb	1	; select bank1
   955     0066  0599               	andwf	25,f	;volatile
   956                           
   957                           ;init_IO.c: 8:     OSCCONbits.IRCF = 0b1101;
   958     0067  0819               	movf	25,w	;volatile
   959     0068  3987               	andlw	-121
   960     0069  3868               	iorlw	104
   961     006A  0099               	movwf	25	;volatile
   962     006B                     l769:
   963                           
   964                           ;init_IO.c: 14:     ANSELAbits.ANSA0 = 1;
   965     006B  0023               	movlb	3	; select bank3
   966     006C  140C               	bsf	12,0	;volatile
   967     006D                     l771:
   968                           
   969                           ;init_IO.c: 15:     ANSELAbits.ANSA1 = 0;
   970     006D  108C               	bcf	12,1	;volatile
   971     006E                     l773:
   972                           
   973                           ;init_IO.c: 16:     ANSELAbits.ANSA2 = 0;
   974     006E  110C               	bcf	12,2	;volatile
   975     006F                     l775:
   976                           
   977                           ;init_IO.c: 17:     ANSELAbits.ANSA3 = 0;
   978     006F  118C               	bcf	12,3	;volatile
   979     0070                     l777:
   980                           
   981                           ;init_IO.c: 18:     ANSELAbits.ANSA4 = 0;
   982     0070  120C               	bcf	12,4	;volatile
   983     0071                     l779:
   984                           
   985                           ;init_IO.c: 21:     TRISAbits.TRISA0 = 1;
   986     0071  0021               	movlb	1	; select bank1
   987     0072  140C               	bsf	12,0	;volatile
   988     0073                     l781:
   989                           
   990                           ;init_IO.c: 22:     TRISAbits.TRISA1 = 0;
   991     0073  108C               	bcf	12,1	;volatile
   992     0074                     l783:
   993                           
   994                           ;init_IO.c: 23:     TRISAbits.TRISA2 = 0;
   995     0074  110C               	bcf	12,2	;volatile
   996     0075                     l785:
   997                           
   998                           ;init_IO.c: 24:     TRISAbits.TRISA3 = 0;
   999     0075  118C               	bcf	12,3	;volatile
  1000     0076                     l787:
  1001                           
  1002                           ;init_IO.c: 25:     TRISAbits.TRISA4 = 0;
  1003     0076  120C               	bcf	12,4	;volatile
  1004     0077                     l789:
  1005                           
  1006                           ;init_IO.c: 26:     TRISAbits.TRISA6 = 0;
  1007     0077  130C               	bcf	12,6	;volatile
  1008     0078                     l791:
  1009                           
  1010                           ;init_IO.c: 27:     TRISAbits.TRISA7 = 0;
  1011     0078  138C               	bcf	12,7	;volatile
  1012     0079                     l793:
  1013                           
  1014                           ;init_IO.c: 31:     ANSELBbits.ANSB1 = 0;
  1015     0079  0023               	movlb	3	; select bank3
  1016     007A  108D               	bcf	13,1	;volatile
  1017     007B                     l795:
  1018                           
  1019                           ;init_IO.c: 32:     ANSELBbits.ANSB2 = 0;
  1020     007B  110D               	bcf	13,2	;volatile
  1021     007C                     l797:
  1022                           
  1023                           ;init_IO.c: 33:     ANSELBbits.ANSB3 = 0;
  1024     007C  118D               	bcf	13,3	;volatile
  1025     007D                     l799:
  1026                           
  1027                           ;init_IO.c: 34:     ANSELBbits.ANSB4 = 0;
  1028     007D  120D               	bcf	13,4	;volatile
  1029     007E                     l801:
  1030                           
  1031                           ;init_IO.c: 35:     ANSELBbits.ANSB5 = 0;
  1032     007E  128D               	bcf	13,5	;volatile
  1033     007F                     l803:
  1034                           
  1035                           ;init_IO.c: 36:     ANSELBbits.ANSB6 = 0;
  1036     007F  130D               	bcf	13,6	;volatile
  1037     0080                     l805:
  1038                           
  1039                           ;init_IO.c: 37:     ANSELBbits.ANSB7 = 0;
  1040     0080  138D               	bcf	13,7	;volatile
  1041     0081                     l807:
  1042                           
  1043                           ;init_IO.c: 40:     TRISBbits.TRISB0 = 0;
  1044     0081  0021               	movlb	1	; select bank1
  1045     0082  100D               	bcf	13,0	;volatile
  1046     0083                     l809:
  1047                           
  1048                           ;init_IO.c: 41:     TRISBbits.TRISB1 = 1;
  1049     0083  148D               	bsf	13,1	;volatile
  1050     0084                     l811:
  1051                           
  1052                           ;init_IO.c: 42:     TRISBbits.TRISB2 = 0;
  1053     0084  110D               	bcf	13,2	;volatile
  1054     0085                     l813:
  1055                           
  1056                           ;init_IO.c: 43:     TRISBbits.TRISB3 = 0;
  1057     0085  118D               	bcf	13,3	;volatile
  1058     0086                     l815:
  1059                           
  1060                           ;init_IO.c: 44:     TRISBbits.TRISB4 = 0;
  1061     0086  120D               	bcf	13,4	;volatile
  1062     0087                     l817:
  1063                           
  1064                           ;init_IO.c: 45:     TRISBbits.TRISB5 = 0;
  1065     0087  128D               	bcf	13,5	;volatile
  1066     0088                     l819:
  1067                           
  1068                           ;init_IO.c: 46:     TRISBbits.TRISB6 = 0;
  1069     0088  130D               	bcf	13,6	;volatile
  1070     0089                     l821:
  1071                           
  1072                           ;init_IO.c: 47:     TRISBbits.TRISB7 = 0;
  1073     0089  138D               	bcf	13,7	;volatile
  1074     008A                     l823:
  1075                           
  1076                           ;init_IO.c: 50:     ADCON0bits.ADON = 0;
  1077     008A  101D               	bcf	29,0	;volatile
  1078     008B                     l825:
  1079                           
  1080                           ;init_IO.c: 51:     FVRCONbits.FVREN = 1;
  1081     008B  0022               	movlb	2	; select bank2
  1082     008C  1797               	bsf	23,7	;volatile
  1083                           
  1084                           ;init_IO.c: 52:     FVRCONbits.ADFVR = 0b11;
  1085     008D  3003               	movlw	3
  1086     008E  0497               	iorwf	23,f	;volatile
  1087     008F                     l827:
  1088                           
  1089                           ;init_IO.c: 53:     ADCON1bits.ADNREF = 0;
  1090     008F  0021               	movlb	1	; select bank1
  1091     0090  111E               	bcf	30,2	;volatile
  1092                           
  1093                           ;init_IO.c: 54:     ADCON1bits.ADPREF = 0b11;
  1094     0091  3003               	movlw	3
  1095     0092  049E               	iorwf	30,f	;volatile
  1096     0093                     l829:
  1097                           
  1098                           ;init_IO.c: 55:     PIE1bits.ADIE = 1;
  1099     0093  1711               	bsf	17,6	;volatile
  1100     0094                     l831:
  1101                           
  1102                           ;init_IO.c: 56:     PIR1bits.ADIF = 0;
  1103     0094  0020               	movlb	0	; select bank0
  1104     0095  1311               	bcf	17,6	;volatile
  1105     0096                     l833:
  1106                           
  1107                           ;init_IO.c: 60:     LATAbits.LATA1 = 1;
  1108     0096  0022               	movlb	2	; select bank2
  1109     0097  148C               	bsf	12,1	;volatile
  1110     0098                     l835:
  1111                           
  1112                           ;init_IO.c: 61:     LATAbits.LATA2 = 1;
  1113     0098  150C               	bsf	12,2	;volatile
  1114     0099                     l837:
  1115                           
  1116                           ;init_IO.c: 62:     LATAbits.LATA3 = 1;
  1117     0099  158C               	bsf	12,3	;volatile
  1118     009A                     l839:
  1119                           
  1120                           ;init_IO.c: 63:     LATAbits.LATA4 = 0;
  1121     009A  120C               	bcf	12,4	;volatile
  1122     009B                     l841:
  1123                           
  1124                           ;init_IO.c: 64:     LATAbits.LATA6 = 0;
  1125     009B  130C               	bcf	12,6	;volatile
  1126     009C                     l843:
  1127                           
  1128                           ;init_IO.c: 65:     LATAbits.LATA7 = 0;
  1129     009C  138C               	bcf	12,7	;volatile
  1130     009D                     l845:
  1131                           
  1132                           ;init_IO.c: 66:     LATBbits.LATB0 = 0;
  1133     009D  100D               	bcf	13,0	;volatile
  1134     009E                     l847:
  1135                           
  1136                           ;init_IO.c: 67:     LATBbits.LATB3 = 0;
  1137     009E  118D               	bcf	13,3	;volatile
  1138     009F                     l849:
  1139                           
  1140                           ;init_IO.c: 68:     LATBbits.LATB4 = 0;
  1141     009F  120D               	bcf	13,4	;volatile
  1142     00A0                     l851:
  1143                           
  1144                           ;init_IO.c: 69:     LATBbits.LATB5 = 0;
  1145     00A0  128D               	bcf	13,5	;volatile
  1146     00A1                     l853:
  1147                           
  1148                           ;init_IO.c: 71:     init_UART();
  1149     00A1  3180  20BC  3180   	fcall	_init_UART
  1150     00A4                     l855:
  1151                           
  1152                           ;init_IO.c: 72:     TMR0_INIT();
  1153     00A4  3180  20C9  3180   	fcall	_TMR0_INIT
  1154     00A7                     l133:
  1155     00A7  0008               	return
  1156     00A8                     __end_of_init_IO:
  1157                           
  1158                           	psect	text2
  1159     00BC                     __ptext2:	
  1160 ;; *************** function _init_UART *****************
  1161 ;; Defined at:
  1162 ;;		line 76 in file "init_IO.c"
  1163 ;; Parameters:    Size  Location     Type
  1164 ;;		None
  1165 ;; Auto vars:     Size  Location     Type
  1166 ;;		None
  1167 ;; Return value:  Size  Location     Type
  1168 ;;                  1    wreg      void 
  1169 ;; Registers used:
  1170 ;;		wreg
  1171 ;; Tracked objects:
  1172 ;;		On entry : 0/0
  1173 ;;		On exit  : 0/0
  1174 ;;		Unchanged: 0/0
  1175 ;; Data sizes:     COMMON   BANK0   BANK1   BANK2   BANK3   BANK4
  1176 ;;      Params:         0       0       0       0       0       0
  1177 ;;      Locals:         0       0       0       0       0       0
  1178 ;;      Temps:          0       0       0       0       0       0
  1179 ;;      Totals:         0       0       0       0       0       0
  1180 ;;Total ram usage:        0 bytes
  1181 ;; Hardware stack levels used: 1
  1182 ;; Hardware stack levels required when called: 2
  1183 ;; This function calls:
  1184 ;;		Nothing
  1185 ;; This function is called by:
  1186 ;;		_init_IO
  1187 ;; This function uses a non-reentrant model
  1188 ;;
  1189                           
  1190     00BC                     _init_UART:	
  1191                           ;psect for function _init_UART
  1192                           
  1193     00BC                     l747:	
  1194                           ;incstack = 0
  1195                           ; Regs used in _init_UART: [wreg]
  1196                           
  1197                           
  1198                           ;init_IO.c: 78:     APFCON1bits.TXCKSEL = 0;
  1199     00BC  0022               	movlb	2	; select bank2
  1200     00BD  101E               	bcf	30,0	;volatile
  1201                           
  1202                           ;init_IO.c: 79:     TXSTAbits.TRMT = 1;
  1203     00BE  0023               	movlb	3	; select bank3
  1204     00BF  149E               	bsf	30,1	;volatile
  1205                           
  1206                           ;init_IO.c: 80:     TXSTAbits.TXEN = 1;
  1207     00C0  169E               	bsf	30,5	;volatile
  1208                           
  1209                           ;init_IO.c: 81:     BAUDCONbits.RCIDL = 1;
  1210     00C1  171F               	bsf	31,6	;volatile
  1211                           
  1212                           ;init_IO.c: 84:     TXSTAbits.SYNC = 0;
  1213     00C2  121E               	bcf	30,4	;volatile
  1214                           
  1215                           ;init_IO.c: 85:     TXSTAbits.TX9 = 0;
  1216     00C3  131E               	bcf	30,6	;volatile
  1217                           
  1218                           ;init_IO.c: 86:     TXSTAbits.BRGH = 1;
  1219     00C4  151E               	bsf	30,2	;volatile
  1220     00C5                     l749:
  1221                           
  1222                           ;init_IO.c: 87:     SPBRG = 25;
  1223     00C5  3019               	movlw	25
  1224     00C6  009B               	movwf	27	;volatile
  1225     00C7                     l751:
  1226                           
  1227                           ;init_IO.c: 88:     RCSTAbits.SPEN = 1;
  1228     00C7  179D               	bsf	29,7	;volatile
  1229     00C8                     l136:
  1230     00C8  0008               	return
  1231     00C9                     __end_of_init_UART:
  1232                           
  1233                           	psect	text3
  1234     00C9                     __ptext3:	
  1235 ;; *************** function _TMR0_INIT *****************
  1236 ;; Defined at:
  1237 ;;		line 92 in file "init_IO.c"
  1238 ;; Parameters:    Size  Location     Type
  1239 ;;		None
  1240 ;; Auto vars:     Size  Location     Type
  1241 ;;		None
  1242 ;; Return value:  Size  Location     Type
  1243 ;;                  1    wreg      void 
  1244 ;; Registers used:
  1245 ;;		wreg, status,2, status,0
  1246 ;; Tracked objects:
  1247 ;;		On entry : 0/0
  1248 ;;		On exit  : 0/0
  1249 ;;		Unchanged: 0/0
  1250 ;; Data sizes:     COMMON   BANK0   BANK1   BANK2   BANK3   BANK4
  1251 ;;      Params:         0       0       0       0       0       0
  1252 ;;      Locals:         0       0       0       0       0       0
  1253 ;;      Temps:          0       0       0       0       0       0
  1254 ;;      Totals:         0       0       0       0       0       0
  1255 ;;Total ram usage:        0 bytes
  1256 ;; Hardware stack levels used: 1
  1257 ;; Hardware stack levels required when called: 2
  1258 ;; This function calls:
  1259 ;;		Nothing
  1260 ;; This function is called by:
  1261 ;;		_init_IO
  1262 ;; This function uses a non-reentrant model
  1263 ;;
  1264                           
  1265     00C9                     _TMR0_INIT:	
  1266                           ;psect for function _TMR0_INIT
  1267                           
  1268     00C9                     l753:	
  1269                           ;incstack = 0
  1270                           ; Regs used in _TMR0_INIT: [wreg+status,2+status,0]
  1271                           
  1272                           
  1273                           ;init_IO.c: 94:      OPTION_REGbits.TMR0CS = 0;
  1274     00C9  0021               	movlb	1	; select bank1
  1275     00CA  1295               	bcf	21,5	;volatile
  1276                           
  1277                           ;init_IO.c: 95:      OPTION_REGbits.PSA = 0;
  1278     00CB  1195               	bcf	21,3	;volatile
  1279     00CC                     l755:
  1280                           
  1281                           ;init_IO.c: 96:      OPTION_REGbits.PS = 0b111;
  1282     00CC  3007               	movlw	7
  1283     00CD  0495               	iorwf	21,f	;volatile
  1284     00CE                     l757:
  1285                           
  1286                           ;init_IO.c: 98:      INTCONbits.GIE = 1;
  1287     00CE  178B               	bsf	11,7	;volatile
  1288     00CF                     l759:
  1289                           
  1290                           ;init_IO.c: 99:      INTCONbits.PEIE = 1;
  1291     00CF  170B               	bsf	11,6	;volatile
  1292     00D0                     l761:
  1293                           
  1294                           ;init_IO.c: 100:      INTCONbits.TMR0IE = 1;
  1295     00D0  168B               	bsf	11,5	;volatile
  1296     00D1                     l763:
  1297                           
  1298                           ;init_IO.c: 101:      INTCONbits.TMR0IF = 0;
  1299     00D1  110B               	bcf	11,2	;volatile
  1300     00D2                     l765:
  1301                           
  1302                           ;init_IO.c: 103:      TMR0 = 60;
  1303     00D2  303C               	movlw	60
  1304     00D3  0020               	movlb	0	; select bank0
  1305     00D4  0095               	movwf	21	;volatile
  1306     00D5                     l139:
  1307     00D5  0008               	return
  1308     00D6                     __end_of_TMR0_INIT:
  1309                           
  1310                           	psect	intentry
  1311     0004                     __pintentry:	
  1312 ;; *************** function _INT_TMR0 *****************
  1313 ;; Defined at:
  1314 ;;		line 29 in file "newmain.c"
  1315 ;; Parameters:    Size  Location     Type
  1316 ;;		None
  1317 ;; Auto vars:     Size  Location     Type
  1318 ;;		None
  1319 ;; Return value:  Size  Location     Type
  1320 ;;                  1    wreg      void 
  1321 ;; Registers used:
  1322 ;;		wreg, status,2, status,0, pclath, cstack
  1323 ;; Tracked objects:
  1324 ;;		On entry : 0/0
  1325 ;;		On exit  : 0/0
  1326 ;;		Unchanged: 0/0
  1327 ;; Data sizes:     COMMON   BANK0   BANK1   BANK2   BANK3   BANK4
  1328 ;;      Params:         0       0       0       0       0       0
  1329 ;;      Locals:         0       0       0       0       0       0
  1330 ;;      Temps:          0       0       0       0       0       0
  1331 ;;      Totals:         0       0       0       0       0       0
  1332 ;;Total ram usage:        0 bytes
  1333 ;; Hardware stack levels used: 1
  1334 ;; Hardware stack levels required when called: 1
  1335 ;; This function calls:
  1336 ;;		_readADC
  1337 ;; This function is called by:
  1338 ;;		Interrupt level 1
  1339 ;; This function uses a non-reentrant model
  1340 ;;
  1341                           
  1342     0004                     _INT_TMR0:
  1343                           
  1344                           ;incstack = 0
  1345     0004  147E               	bsf	int$flags,0	;set compiler interrupt flag (level 1)
  1346                           
  1347                           ; Regs used in _INT_TMR0: [wreg+status,2+status,0+pclath+cstack]
  1348     0005  3180               	pagesel	$
  1349     0006                     i1l873:
  1350                           
  1351                           ;newmain.c: 30:     static int count = 0;;newmain.c: 31:     if(INTCONbits.TMR0IF == 1){
  1352     0006  1D0B               	btfss	11,2	;volatile
  1353     0007  2809               	goto	u14_21
  1354     0008  280A               	goto	u14_20
  1355     0009                     u14_21:
  1356     0009  282B               	goto	i1l29
  1357     000A                     u14_20:
  1358     000A                     i1l875:
  1359                           
  1360                           ;newmain.c: 32:         if(count == 20)
  1361     000A  3014               	movlw	20
  1362     000B  0670               	xorwf	INT_TMR0@count,w
  1363     000C  0471               	iorwf	INT_TMR0@count+1,w
  1364     000D  1D03               	btfss	3,2
  1365     000E  2810               	goto	u15_21
  1366     000F  2811               	goto	u15_20
  1367     0010                     u15_21:
  1368     0010  2822               	goto	i1l883
  1369     0011                     u15_20:
  1370     0011                     i1l877:
  1371                           
  1372                           ;newmain.c: 33:         {;newmain.c: 34:             LATAbits.LATA4 = ! LATAbits.LATA4;
  1373     0011  1003               	clrc
  1374     0012  0022               	movlb	2	; select bank2
  1375     0013  1E0C               	btfss	12,4	;volatile
  1376     0014  1403               	setc
  1377     0015  1803               	btfsc	3,0
  1378     0016  2818               	goto	u16_21
  1379     0017  281B               	goto	u16_20
  1380     0018                     u16_21:
  1381     0018  0022               	movlb	2	; select bank2
  1382     0019  160C               	bsf	12,4	;volatile
  1383     001A  281D               	goto	u17_24
  1384     001B                     u16_20:
  1385     001B  0022               	movlb	2	; select bank2
  1386     001C  120C               	bcf	12,4	;volatile
  1387     001D                     u17_24:
  1388     001D                     i1l879:
  1389                           
  1390                           ;newmain.c: 35:             readADC();
  1391     001D  3180  20D6  3180   	fcall	_readADC
  1392     0020                     i1l881:
  1393                           
  1394                           ;newmain.c: 36:             count = 0;
  1395     0020  01F0               	clrf	INT_TMR0@count
  1396     0021  01F1               	clrf	INT_TMR0@count+1
  1397     0022                     i1l883:
  1398                           
  1399                           ;newmain.c: 39:         count++;
  1400     0022  3001               	movlw	1
  1401     0023  07F0               	addwf	INT_TMR0@count,f
  1402     0024  3000               	movlw	0
  1403     0025  3DF1               	addwfc	INT_TMR0@count+1,f
  1404     0026                     i1l885:
  1405                           
  1406                           ;newmain.c: 40:         TMR0 = 60;
  1407     0026  303C               	movlw	60
  1408     0027  0020               	movlb	0	; select bank0
  1409     0028  0095               	movwf	21	;volatile
  1410     0029                     i1l887:
  1411                           
  1412                           ;newmain.c: 41:         INTCONbits.TMR0IF = 0;
  1413     0029  110B               	bcf	11,2	;volatile
  1414     002A  2840               	goto	i1l31
  1415     002B                     i1l29:	
  1416                           ;newmain.c: 43:     }
  1417                           
  1418                           
  1419                           ;newmain.c: 44:     if(PIR1bits.ADIF == 1){
  1420     002B  0020               	movlb	0	; select bank0
  1421     002C  1F11               	btfss	17,6	;volatile
  1422     002D  282F               	goto	u18_21
  1423     002E  2830               	goto	u18_20
  1424     002F                     u18_21:
  1425     002F  2840               	goto	i1l31
  1426     0030                     u18_20:
  1427     0030                     i1l891:
  1428                           
  1429                           ;newmain.c: 46:         LATAbits.LATA6 = ! LATAbits.LATA6;
  1430     0030  1003               	clrc
  1431     0031  0022               	movlb	2	; select bank2
  1432     0032  1F0C               	btfss	12,6	;volatile
  1433     0033  1403               	setc
  1434     0034  1803               	btfsc	3,0
  1435     0035  2837               	goto	u19_21
  1436     0036  283A               	goto	u19_20
  1437     0037                     u19_21:
  1438     0037  0022               	movlb	2	; select bank2
  1439     0038  170C               	bsf	12,6	;volatile
  1440     0039  283C               	goto	u20_24
  1441     003A                     u19_20:
  1442     003A  0022               	movlb	2	; select bank2
  1443     003B  130C               	bcf	12,6	;volatile
  1444     003C                     u20_24:
  1445     003C                     i1l893:
  1446                           
  1447                           ;newmain.c: 47:         PIR1bits.ADIF = 0;
  1448     003C  0020               	movlb	0	; select bank0
  1449     003D  1311               	bcf	17,6	;volatile
  1450     003E                     i1l895:
  1451                           
  1452                           ;newmain.c: 48:         ADCON0bits.ADON = 0;
  1453     003E  0021               	movlb	1	; select bank1
  1454     003F  101D               	bcf	29,0	;volatile
  1455     0040                     i1l31:
  1456     0040  107E               	bcf	int$flags,0	;clear compiler interrupt flag (level 1)
  1457     0041  0009               	retfie
  1458     0042                     __end_of_INT_TMR0:
  1459                           
  1460                           	psect	text5
  1461     00D6                     __ptext5:	
  1462 ;; *************** function _readADC *****************
  1463 ;; Defined at:
  1464 ;;		line 90 in file "funtions_magic.c"
  1465 ;; Parameters:    Size  Location     Type
  1466 ;;		None
  1467 ;; Auto vars:     Size  Location     Type
  1468 ;;		None
  1469 ;; Return value:  Size  Location     Type
  1470 ;;                  1    wreg      void 
  1471 ;; Registers used:
  1472 ;;		wreg, status,2, status,0
  1473 ;; Tracked objects:
  1474 ;;		On entry : 0/0
  1475 ;;		On exit  : 0/0
  1476 ;;		Unchanged: 0/0
  1477 ;; Data sizes:     COMMON   BANK0   BANK1   BANK2   BANK3   BANK4
  1478 ;;      Params:         0       0       0       0       0       0
  1479 ;;      Locals:         0       0       0       0       0       0
  1480 ;;      Temps:          0       0       0       0       0       0
  1481 ;;      Totals:         0       0       0       0       0       0
  1482 ;;Total ram usage:        0 bytes
  1483 ;; Hardware stack levels used: 1
  1484 ;; This function calls:
  1485 ;;		Nothing
  1486 ;; This function is called by:
  1487 ;;		_INT_TMR0
  1488 ;; This function uses a non-reentrant model
  1489 ;;
  1490                           
  1491     00D6                     _readADC:	
  1492                           ;psect for function _readADC
  1493                           
  1494     00D6                     i1l857:	
  1495                           ;incstack = 0
  1496                           ; Regs used in _readADC: [wreg+status,2+status,0]
  1497                           
  1498                           
  1499                           ;funtions_magic.c: 92:     ADCON0bits.ADON = 1;
  1500     00D6  0021               	movlb	1	; select bank1
  1501     00D7  141D               	bsf	29,0	;volatile
  1502     00D8                     i1l859:
  1503                           
  1504                           ;funtions_magic.c: 94:     ADCON1bits.ADCS = 0b001;
  1505     00D8  081E               	movf	30,w	;volatile
  1506     00D9  398F               	andlw	-113
  1507     00DA  3810               	iorlw	16
  1508     00DB  009E               	movwf	30	;volatile
  1509                           
  1510                           ;funtions_magic.c: 96:     ADCON0bits.CHS = 0b00000;
  1511     00DC  3083               	movlw	-125
  1512     00DD  059D               	andwf	29,f	;volatile
  1513     00DE                     i1l861:
  1514                           
  1515                           ;funtions_magic.c: 98:     ADCON1bits.ADFM = 1;
  1516     00DE  179E               	bsf	30,7	;volatile
  1517     00DF                     i1l863:
  1518                           
  1519                           ;funtions_magic.c: 100:     ADCON0bits.GO_nDONE = 1;
  1520     00DF  149D               	bsf	29,1	;volatile
  1521     00E0                     i1l69:
  1522     00E0  0008               	return
  1523     00E1                     __end_of_readADC:
  1524     007E                     btemp	set	126	;btemp
  1525     007E                     int$flags	set	126
  1526     007E                     wtemp0	set	126
  1527                           
  1528                           	psect	idloc
  1529                           
  1530                           ;Config register IDLOC0 @ 0x8000
  1531                           ;	unspecified, using default values
  1532     8000                     	org	32768
  1533     8000  3FFF               	dw	16383
  1534                           
  1535                           ;Config register IDLOC1 @ 0x8001
  1536                           ;	unspecified, using default values
  1537     8001                     	org	32769
  1538     8001  3FFF               	dw	16383
  1539                           
  1540                           ;Config register IDLOC2 @ 0x8002
  1541                           ;	unspecified, using default values
  1542     8002                     	org	32770
  1543     8002  3FFF               	dw	16383
  1544                           
  1545                           ;Config register IDLOC3 @ 0x8003
  1546                           ;	unspecified, using default values
  1547     8003                     	org	32771
  1548     8003  3FFF               	dw	16383
  1549                           
  1550                           	psect	config
  1551                           
  1552                           ;Config register CONFIG1 @ 0x8007
  1553                           ;	Oscillator Selection
  1554                           ;	FOSC = INTOSC, INTOSC oscillator: I/O function on CLKIN pin
  1555                           ;	Watchdog Timer Enable
  1556                           ;	WDTE = OFF, WDT disabled
  1557                           ;	Power-up Timer Enable
  1558                           ;	PWRTE = OFF, PWRT disabled
  1559                           ;	MCLR Pin Function Select
  1560                           ;	MCLRE = ON, MCLR/VPP pin function is MCLR
  1561                           ;	Flash Program Memory Code Protection
  1562                           ;	CP = OFF, Program memory code protection is disabled
  1563                           ;	Data Memory Code Protection
  1564                           ;	CPD = OFF, Data memory code protection is disabled
  1565                           ;	Brown-out Reset Enable
  1566                           ;	BOREN = ON, Brown-out Reset enabled
  1567                           ;	Clock Out Enable
  1568                           ;	CLKOUTEN = OFF, CLKOUT function is disabled. I/O or oscillator function on the CLKOUT 
      +                          pin
  1569                           ;	Internal/External Switchover
  1570                           ;	IESO = ON, Internal/External Switchover mode is enabled
  1571                           ;	Fail-Safe Clock Monitor Enable
  1572                           ;	FCMEN = ON, Fail-Safe Clock Monitor is enabled
  1573     8007                     	org	32775
  1574     8007  3FE4               	dw	16356
  1575                           
  1576                           ;Config register CONFIG2 @ 0x8008
  1577                           ;	Flash Memory Self-Write Protection
  1578                           ;	WRT = OFF, Write protection off
  1579                           ;	PLL Enable
  1580                           ;	PLLEN = OFF, 4x PLL disabled
  1581                           ;	Stack Overflow/Underflow Reset Enable
  1582                           ;	STVREN = ON, Stack Overflow or Underflow will cause a Reset
  1583                           ;	Brown-out Reset Voltage Selection
  1584                           ;	BORV = LO, Brown-out Reset Voltage (Vbor), low trip point selected.
  1585                           ;	Low-Voltage Programming Enable
  1586                           ;	LVP = ON, Low-voltage programming enabled
  1587     8008                     	org	32776
  1588     8008  3EFF               	dw	16127

Data Sizes:
    Strings     0
    Constant    0
    Data        20
    BSS         21
    Persistent  32
    Stack       0

Auto Spaces:
    Space          Size  Autos    Used
    COMMON           14      0       9
    BANK0            80      0      32
    BANK1            80      0       0
    BANK2            80      0       0
    BANK3            80      0       0
    BANK4            48      0       0

Pointer List with Targets:

    sp__ASCII_Con	PTR unsigned char  size(1) Largest target is 7
		 -> ASCII_Con@r(COMMON[7]), 

    sp__seg7	PTR int  size(1) Largest target is 6
		 -> seg7@r(BANK0[6]), 

    sp__BinTOBcd	PTR int  size(1) Largest target is 6
		 -> BinTOBcd@r(BANK0[6]), 


Critical Paths under _main in COMMON

    None.

Critical Paths under _INT_TMR0 in COMMON

    None.

Critical Paths under _main in BANK0

    None.

Critical Paths under _INT_TMR0 in BANK0

    None.

Critical Paths under _main in BANK1

    None.

Critical Paths under _INT_TMR0 in BANK1

    None.

Critical Paths under _main in BANK2

    None.

Critical Paths under _INT_TMR0 in BANK2

    None.

Critical Paths under _main in BANK3

    None.

Critical Paths under _INT_TMR0 in BANK3

    None.

Critical Paths under _main in BANK4

    None.

Critical Paths under _INT_TMR0 in BANK4

    None.

Call Graph Tables:

 ---------------------------------------------------------------------------------
 (Depth) Function   	        Calls       Base Space   Used Autos Params    Refs
 ---------------------------------------------------------------------------------
 (0) _main                                                 0     0      0       0
                            _init_IO
 ---------------------------------------------------------------------------------
 (1) _init_IO                                              0     0      0       0
                          _TMR0_INIT
                          _init_UART
 ---------------------------------------------------------------------------------
 (2) _init_UART                                            0     0      0       0
 ---------------------------------------------------------------------------------
 (2) _TMR0_INIT                                            0     0      0       0
 ---------------------------------------------------------------------------------
 Estimated maximum stack depth 2
 ---------------------------------------------------------------------------------
 (Depth) Function   	        Calls       Base Space   Used Autos Params    Refs
 ---------------------------------------------------------------------------------
 (3) _INT_TMR0                                             0     0      0       0
                            _readADC
 ---------------------------------------------------------------------------------
 (4) _readADC                                              0     0      0       0
 ---------------------------------------------------------------------------------
 Estimated maximum stack depth 4
 ---------------------------------------------------------------------------------

 Call Graph Graphs:

 _main (ROOT)
   _init_IO
     _TMR0_INIT
     _init_UART

 _INT_TMR0 (ROOT)
   _readADC

 Address spaces:
Name               Size   Autos  Total    Cost      Usage
BIGRAM             170      0       0       0        0.0%
EEDATA             100      0       0       0        0.0%
NULL                 0      0       0       0        0.0%
CODE                 0      0       0       0        0.0%
BITCOMMON            E      0       0       1        0.0%
BITSFR0              0      0       0       1        0.0%
SFR0                 0      0       0       1        0.0%
COMMON               E      0       9       2       64.3%
BITSFR1              0      0       0       2        0.0%
SFR1                 0      0       0       2        0.0%
BITSFR2              0      0       0       3        0.0%
SFR2                 0      0       0       3        0.0%
STACK                0      0       0       3        0.0%
BITSFR3              0      0       0       4        0.0%
SFR3                 0      0       0       4        0.0%
ABS                  0      0      29       4        0.0%
BITBANK0            50      0       0       5        0.0%
BITSFR4              0      0       0       5        0.0%
SFR4                 0      0       0       5        0.0%
BANK0               50      0      20       6       40.0%
BITSFR5              0      0       0       6        0.0%
SFR5                 0      0       0       6        0.0%
BITBANK1            50      0       0       7        0.0%
BITSFR6              0      0       0       7        0.0%
SFR6                 0      0       0       7        0.0%
BANK1               50      0       0       8        0.0%
BITSFR7              0      0       0       8        0.0%
SFR7                 0      0       0       8        0.0%
BITBANK2            50      0       0       9        0.0%
BITSFR8              0      0       0       9        0.0%
SFR8                 0      0       0       9        0.0%
BANK2               50      0       0      10        0.0%
BITSFR9              0      0       0      10        0.0%
SFR9                 0      0       0      10        0.0%
BITBANK3            50      0       0      11        0.0%
BITSFR10             0      0       0      11        0.0%
SFR10                0      0       0      11        0.0%
BANK3               50      0       0      12        0.0%
BITSFR11             0      0       0      12        0.0%
SFR11                0      0       0      12        0.0%
BITBANK4            30      0       0      13        0.0%
BITSFR12             0      0       0      13        0.0%
SFR12                0      0       0      13        0.0%
BANK4               30      0       0      14        0.0%
BITSFR13             0      0       0      14        0.0%
SFR13                0      0       0      14        0.0%
BITSFR14             0      0       0      15        0.0%
SFR14                0      0       0      15        0.0%
DATA                 0      0      29      15        0.0%
BITSFR15             0      0       0      16        0.0%
SFR15                0      0       0      16        0.0%
BITSFR16             0      0       0      17        0.0%
SFR16                0      0       0      17        0.0%
BITSFR17             0      0       0      18        0.0%
SFR17                0      0       0      18        0.0%
BITSFR18             0      0       0      19        0.0%
SFR18                0      0       0      19        0.0%
BITSFR19             0      0       0      20        0.0%
SFR19                0      0       0      20        0.0%
BITSFR20             0      0       0      21        0.0%
SFR20                0      0       0      21        0.0%
BITSFR21             0      0       0      22        0.0%
SFR21                0      0       0      22        0.0%
BITSFR22             0      0       0      23        0.0%
SFR22                0      0       0      23        0.0%
BITSFR23             0      0       0      24        0.0%
SFR23                0      0       0      24        0.0%
BITSFR24             0      0       0      25        0.0%
SFR24                0      0       0      25        0.0%
BITSFR25             0      0       0      26        0.0%
SFR25                0      0       0      26        0.0%
BITSFR26             0      0       0      27        0.0%
SFR26                0      0       0      27        0.0%
BITSFR27             0      0       0      28        0.0%
SFR27                0      0       0      28        0.0%
BITSFR28             0      0       0      29        0.0%
SFR28                0      0       0      29        0.0%
BITSFR29             0      0       0      30        0.0%
SFR29                0      0       0      30        0.0%
BITSFR30             0      0       0      31        0.0%
SFR30                0      0       0      31        0.0%
BITSFR31             0      0       0      32        0.0%
SFR31                0      0       0      32        0.0%


Microchip Technology PIC Macro Assembler V2.40 build 20220703182018 
Symbol Table                                                                                   Sat Feb 04 17:53:59 2023

                     l20 00F0                       l19 00F0                      l133 00A7  
                    l136 00C8                      l139 00D5                      l801 007E  
                    l811 0084                      l803 007F                      l821 0089  
                    l813 0085                      l805 0080                      l751 00C7  
                    l831 0094                      l823 008A                      l815 0086  
                    l807 0081                      l761 00D0                      l753 00C9  
                    l841 009B                      l833 0096                      l825 008B  
                    l817 0087                      l809 0083                      l763 00D1  
                    l755 00CC                      l747 00BC                      l851 00A0  
                    l843 009C                      l835 0098                      l827 008F  
                    l819 0088                      l771 006D                      l765 00D2  
                    l757 00CE                      l749 00C5                      l853 00A1  
                    l845 009D                      l837 0099                      l829 0093  
                    l781 0073                      l773 006E                      l759 00CF  
                    l855 00A4                      l847 009E                      l839 009A  
                    l791 0078                      l783 0074                      l775 006F  
                    l767 0064                      l871 00ED                      l849 009F  
                    l793 0079                      l785 0075                      l777 0070  
                    l769 006B                      l795 007B                      l787 0076  
                    l779 0071                      l797 007C                      l789 0077  
                    l799 007D                      wreg 0009                     i1l31 0040  
                   i1l29 002B                     i1l69 00E0                     _TMR0 0015  
                   _main 00ED                     fsr0h 0005                     fsr1h 0007  
                   indf0 0000                     fsr0l 0004                     fsr1l 0006  
                   btemp 007E                     start 0042                    ?_main 0000  
       __end_of_INT_TMR0 0042                    i1l861 00DE                    i1l863 00DF  
                  i1l857 00D6                    i1l881 0020                    i1l873 0006  
                  i1l859 00D8                    i1l891 0030                    i1l883 0022  
                  i1l875 000A                    i1l893 003C                    i1l885 0026  
                  i1l877 0011                    i1l895 003E                    i1l887 0029  
                  i1l879 001D                    u20_24 003C                    u14_20 000A  
                  u14_21 0009                    u15_20 0011                    u15_21 0010  
                  u16_20 001B                    u16_21 0018                    u17_24 001D  
                  u18_20 0030                    u18_21 002F                    _SPBRG 019B  
                  u19_20 003A                    u19_21 0037                    _TXREG 019A  
        __end_of_readADC 00E1          __end_of_init_IO 00A8                    seg7@r 0034  
                  status 0003                    wtemp0 007E          __initialization 0044  
           __end_of_main 00F3                   ??_main 0000        __end_of_TMR0_INIT 00D6  
              ??_readADC 0000                ??_init_IO 0000  __end_of__initialization 0060  
              ?_INT_TMR0 0000           __pcstackCOMMON 0000             __pidataBANK0 00A8  
         _OPTION_REGbits 0095               __pbssBANK0 0034               ??_INT_TMR0 0000  
             __pmaintext 00ED               __pintentry 0004                BinTOBcd@r 003A  
             ASCII_Con@r 0072                  __ptext1 0064                  __ptext2 00BC  
                __ptext3 00C9                  __ptext5 00D6        __end_of_init_UART 00C9  
                _readADC 00D6                  _init_IO 0064                  clrloop0 00E8  
   end_of_initialization 0060                  init_ram 00E1                  initloop 00E2  
              _RCSTAbits 019D                _TMR0_INIT 00C9                _TRISAbits 008C  
              _TRISBbits 008D                _TXSTAbits 019E               ?_TMR0_INIT 0000  
            _BAUDCONbits 019F      start_initialization 0044              _APFCON1bits 011E  
            __pdataBANK0 0020              __pbssCOMMON 0070                ___latbits 0001  
            ??_TMR0_INIT 0000                 ?_readADC 0000                 ?_init_IO 0000  
              _init_UART 00BC                 _LATAbits 010C                 _LATBbits 010D  
              clear_ram0 00E7                 _PIE1bits 0091                 _INT_TMR0 0004  
               _PIR1bits 0011                seg7@F2502 0020               _ADCON0bits 009D  
             _ADCON1bits 009E               ?_init_UART 0000               _ANSELAbits 018C  
             _ANSELBbits 018D                 int$flags 007E               _INTCONbits 000B  
             _FVRCONbits 0117              ??_init_UART 0000                 intlevel1 0000  
             _OSCCONbits 0099            INT_TMR0@count 0070  
